*** Fatal Error ***
Address not mapped to object (signal 11)
Address: 0x7f709fed9f28

System: Linux DESKTOP-Q6TLPI4 5.15.146.1-microsoft-standard-WSL2 #1 SMP Thu Jan 11 04:09:03 UTC 2024 x86_64 x86_64 x86_64 GNU/Linux


Executing: gdb --quiet --batch --command=gdb-respfile-ZhkMtw
[New LWP 81281]
[New LWP 81286]
[New LWP 81287]
[New LWP 81288]
[New LWP 81289]
[Thread debugging using libthread_db enabled]
Using host libthread_db library "/lib/x86_64-linux-gnu/libthread_db.so.1".
0x00007f70b0c9542f in __GI___wait4 (pid=81298, stat_loc=0x9253b4, options=0, usage=0x0) at ../sysdeps/unix/sysv/linux/wait4.c:30

* Loaded Libraries
From                To                  Syms Read   Shared Object Library
0x00007f70b241c1d0  0x00007f70b24f1c72  Yes (*)     /home/rabadaba/anaconda3/lib/python3.11/site-packages/vizdoom/../vizdoom.libs/libSDL2-2-d214786e.0.so.0.10.0
0x00007f70b290e040  0x00007f70b290e105  Yes         /lib/x86_64-linux-gnu/libpthread.so.0
0x00007f70b2909080  0x00007f70b2909275  Yes         /lib/x86_64-linux-gnu/librt.so.1
0x00007f70b28ee280  0x00007f70b28fec14  Yes (*)     /lib/x86_64-linux-gnu/libz.so.1
0x00007f70b2013880  0x00007f70b2022667  Yes (*)     /home/rabadaba/anaconda3/lib/python3.11/site-packages/vizdoom/../vizdoom.libs/libboost_thread-473b539f.so.1.66.0
0x00007f70b1c01c50  0x00007f70b1c02df8  Yes (*)     /home/rabadaba/anaconda3/lib/python3.11/site-packages/vizdoom/../vizdoom.libs/libboost_system-69a6c43e.so.1.66.0
0x00007f70b1808fe0  0x00007f70b180df92  Yes (*)     /home/rabadaba/anaconda3/lib/python3.11/site-packages/vizdoom/../vizdoom.libs/libboost_date_time-bfc31cd3.so.1.66.0
0x00007f70b1403960  0x00007f70b1406700  Yes (*)     /home/rabadaba/anaconda3/lib/python3.11/site-packages/vizdoom/../vizdoom.libs/libboost_chrono-67089fad.so.1.66.0
0x00007f70b1000760  0x00007f70b10008b5  Yes (*)     /home/rabadaba/anaconda3/lib/python3.11/site-packages/vizdoom/../vizdoom.libs/libboost_atomic-fb1368c6.so.1.66.0
0x00007f70b28e6040  0x00007f70b28e6105  Yes         /lib/x86_64-linux-gnu/libdl.so.2
0x00007f70b0e76420  0x00007f70b0f7efc2  Yes (*)     /lib/x86_64-linux-gnu/libstdc++.so.6
0x00007f70b280a3a0  0x00007f70b28858c8  Yes         /lib/x86_64-linux-gnu/libm.so.6
0x00007f70b27df660  0x00007f70b27f5805  Yes (*)     /lib/x86_64-linux-gnu/libgcc_s.so.1
0x00007f70b0bd3700  0x00007f70b0d6593d  Yes         /lib/x86_64-linux-gnu/libc.so.6
0x00007f70b2929090  0x00007f70b2952315  Yes         /lib64/ld-linux-x86-64.so.2
0x00007f70b27aeec0  0x00007f70b27c7680  Yes (*)     /lib/x86_64-linux-gnu/libudev.so.1
0x00007f70b2323f20  0x00007f70b2371c52  Yes (*)     /lib/x86_64-linux-gnu/libopenal.so.1
0x00007f70b2799b20  0x00007f70b27a13d8  Yes (*)     /lib/x86_64-linux-gnu/libsndio.so.7
0x00007f70b1f28480  0x00007f70b1fbd84b  Yes (*)     /lib/x86_64-linux-gnu/libasound.so.2
0x00007f70b2783040  0x00007f70b278e226  Yes (*)     /lib/x86_64-linux-gnu/libbsd.so.0
0x00007f70b2773160  0x00007f70b2779739  Yes (*)     /lib/x86_64-linux-gnu/libmd.so.0
0x00007f70b22cf6a0  0x00007f70b22fb10b  Yes (*)     /lib/x86_64-linux-gnu/libjack.so.0
0x00007f70b1a720a0  0x00007f70b1bb1125  Yes (*)     /lib/x86_64-linux-gnu/libdb-5.3.so
0x00007f70b1eb5fe0  0x00007f70b1ee3e40  Yes (*)     /lib/x86_64-linux-gnu/libpulse.so.0
0x00007f70b1e37320  0x00007f70b1e7d072  Yes (*)     /usr/lib/x86_64-linux-gnu/pulseaudio/libpulsecommon-15.99.so
0x00007f70b17bdeb0  0x00007f70b17ea3d5  Yes (*)     /lib/x86_64-linux-gnu/libdbus-1.so.3
0x00007f70b173b1e0  0x00007f70b178fd1a  Yes (*)     /lib/x86_64-linux-gnu/libsndfile.so.1
0x00007f70b276d040  0x00007f70b276d11f  Yes (*)     /lib/x86_64-linux-gnu/libX11-xcb.so.1
0x00007f70b12da0c0  0x00007f70b13646ce  Yes (*)     /lib/x86_64-linux-gnu/libX11.so.6
0x00007f70b1a32640  0x00007f70b1a45660  Yes (*)     /lib/x86_64-linux-gnu/libxcb.so.1
0x00007f70b1680cf0  0x00007f70b16fd350  Yes (*)     /lib/x86_64-linux-gnu/libsystemd.so.0
0x00007f70b2766400  0x00007f70b27689bc  Yes (*)     /lib/x86_64-linux-gnu/libasyncns.so.0
0x00007f70b1e11940  0x00007f70b1e199c0  Yes (*)     /lib/x86_64-linux-gnu/libapparmor.so.1
0x00007f70b16387a0  0x00007f70b1660915  Yes (*)     /lib/x86_64-linux-gnu/libFLAC.so.8
0x00007f70b1296460  0x00007f70b12ac8a7  Yes (*)     /lib/x86_64-linux-gnu/libvorbis.so.0
0x00007f70b03130c0  0x00007f70b031563e  Yes (*)     /lib/x86_64-linux-gnu/libvorbisenc.so.2
0x00007f70b1238600  0x00007f70b127d017  Yes (*)     /lib/x86_64-linux-gnu/libopus.so.0
0x00007f70b275b440  0x00007f70b275d839  Yes (*)     /lib/x86_64-linux-gnu/libogg.so.0
0x00007f70b1e09360  0x00007f70b1e0a092  Yes (*)     /lib/x86_64-linux-gnu/libXau.so.6
0x00007f70b1a211a0  0x00007f70b1a22967  Yes (*)     /lib/x86_64-linux-gnu/libXdmcp.so.6
0x00007f70b120d3c0  0x00007f70b12270de  Yes (*)     /lib/x86_64-linux-gnu/liblzma.so.5
0x00007f70b023a220  0x00007f70b02ebf02  Yes (*)     /lib/x86_64-linux-gnu/libzstd.so.1
0x00007f70b1612120  0x00007f70b162aad1  Yes (*)     /lib/x86_64-linux-gnu/liblz4.so.1
0x00007f70b0228500  0x00007f70b022b69a  Yes (*)     /lib/x86_64-linux-gnu/libcap.so.2
0x00007f70b00f6a80  0x00007f70b01db23e  Yes (*)     /lib/x86_64-linux-gnu/libgcrypt.so.20
0x00007f70b00c5a40  0x00007f70b00da742  Yes (*)     /lib/x86_64-linux-gnu/libgpg-error.so.0
0x00007f70b0063600  0x00007f70b006d94e  Yes (*)     /lib/x86_64-linux-gnu/libXext.so.6
0x00007f70b0055660  0x00007f70b005a1fc  Yes (*)     /lib/x86_64-linux-gnu/libXcursor.so.1
0x00007f70b0048440  0x00007f70b004e7e2  Yes (*)     /lib/x86_64-linux-gnu/libXrender.so.1
0x00007f70b0040310  0x00007f70b0042961  Yes (*)     /lib/x86_64-linux-gnu/libXfixes.so.3
0x00007f70b29141b0  0x00007f70b2914bd1  Yes (*)     /lib/x86_64-linux-gnu/libXinerama.so.1
0x00007f70b002d460  0x00007f70b003867b  Yes (*)     /lib/x86_64-linux-gnu/libXi.so.6
0x00007f70b001f360  0x00007f70b0025ec9  Yes (*)     /lib/x86_64-linux-gnu/libXrandr.so.2
0x00007f70b1a1b240  0x00007f70b1a1bf1d  Yes (*)     /lib/x86_64-linux-gnu/libXss.so.1
0x00007f70b1204240  0x00007f70b1206a89  Yes (*)     /lib/x86_64-linux-gnu/libXxf86vm.so.1
0x00007f70ab4331c0  0x00007f70ab435f11  Yes (*)     /lib/x86_64-linux-gnu/libGL.so.1
0x00007f70ab378240  0x00007f70ab37a187  Yes (*)     /lib/x86_64-linux-gnu/libGLdispatch.so.0
0x00007f70ab53c6c0  0x00007f70ab556080  Yes (*)     /lib/x86_64-linux-gnu/libGLX.so.0
0x00007f70ab2dfe40  0x00007f70ab31c262  Yes (*)     /lib/x86_64-linux-gnu/libGLX_mesa.so.0
0x00007f70ab511100  0x00007f70ab51e719  Yes (*)     /lib/x86_64-linux-gnu/libglapi.so.0
0x00007f70b000c760  0x00007f70b00168ab  Yes (*)     /lib/x86_64-linux-gnu/libdrm.so.2
0x00007f70ab2b30a0  0x00007f70ab2bbb29  Yes (*)     /lib/x86_64-linux-gnu/libxcb-glx.so.0
0x00007f70b00020a0  0x00007f70b0003309  Yes (*)     /lib/x86_64-linux-gnu/libxcb-dri2.so.0
0x00007f70ab5000e0  0x00007f70ab500c37  Yes (*)     /lib/x86_64-linux-gnu/libxcb-shm.so.0
0x00007f70ab27b290  0x00007f70ab2996c7  Yes (*)     /lib/x86_64-linux-gnu/libexpat.so.1
0x00007f70ab4fb180  0x00007f70ab4fb440  Yes (*)     /lib/x86_64-linux-gnu/libxshmfence.so.1
0x00007f70ab26b0c0  0x00007f70ab2700b7  Yes (*)     /lib/x86_64-linux-gnu/libxcb-randr.so.0
0x00007f70ab4f50e0  0x00007f70ab4f6137  Yes (*)     /lib/x86_64-linux-gnu/libxcb-dri3.so.0
0x00007f70ab4ef0a0  0x00007f70ab4ef97a  Yes (*)     /lib/x86_64-linux-gnu/libxcb-present.so.0
0x00007f70ab25d100  0x00007f70ab25f416  Yes (*)     /lib/x86_64-linux-gnu/libxcb-sync.so.1
0x00007f70ab2530a0  0x00007f70ab2558de  Yes (*)     /lib/x86_64-linux-gnu/libxcb-xfixes.so.0
0x00007f70a9210f70  0x00007f70aa50ac62  Yes (*)     /usr/lib/x86_64-linux-gnu/dri/swrast_dri.so
0x00007f70a2ecc540  0x00007f70a6137d52  Yes (*)     /lib/x86_64-linux-gnu/libLLVM-15.so.1
0x00007f70a21755a0  0x00007f70a217b8b3  Yes (*)     /lib/x86_64-linux-gnu/libsensors.so.5
0x00007f70a21662a0  0x00007f70a216c215  Yes (*)     /lib/x86_64-linux-gnu/libdrm_radeon.so.1
0x00007f70a21495a0  0x00007f70a215c31c  Yes (*)     /lib/x86_64-linux-gnu/libelf.so.1
0x00007f70a213d760  0x00007f70a2141f72  Yes (*)     /lib/x86_64-linux-gnu/libdrm_amdgpu.so.1
0x00007f70a2131400  0x00007f70a213514a  Yes (*)     /lib/x86_64-linux-gnu/libdrm_nouveau.so.2
0x00007f70a210c620  0x00007f70a2122293  Yes (*)     /lib/x86_64-linux-gnu/libdrm_intel.so.1
0x00007f70a20fe460  0x00007f70a2104392  Yes (*)     /lib/x86_64-linux-gnu/libffi.so.8
0x00007f70a20caff0  0x00007f70a20e76d0  Yes (*)     /lib/x86_64-linux-gnu/libedit.so.2
0x00007f70a209e780  0x00007f70a20ae19b  Yes (*)     /lib/x86_64-linux-gnu/libtinfo.so.6
0x00007f70a1edde30  0x00007f70a202f31b  Yes (*)     /lib/x86_64-linux-gnu/libxml2.so.2
0x00007f70a1ea55a0  0x00007f70a1ea98e0  Yes (*)     /lib/x86_64-linux-gnu/libpciaccess.so.0
0x00007f70a1d0e910  0x00007f70a1e00e31  Yes (*)     /lib/x86_64-linux-gnu/libicuuc.so.70
0x00007f70a008b050  0x00007f70a008b1a1  Yes (*)     /lib/x86_64-linux-gnu/libicudata.so.70
0x00007f70a0004250  0x00007f70a007b9b3  Yes (*)     /usr/lib/wsl/lib/libd3d12.so
0x00007f709ff31720  0x00007f709ffb13af  Yes (*)     /usr/lib/wsl/lib/libdxcore.so
0x00007f709f600c10  0x00007f709f60140e  Yes (*)     /usr/lib/wsl/drivers/iigd_dch.inf_amd64_269da44064f4461c/libigd12umd64.so
0x00007f709ee1afd0  0x00007f709f00bd6e  Yes (*)     /usr/lib/wsl/drivers/iigd_dch.inf_amd64_269da44064f4461c/libigd12um64xel.so
0x00007f709e80caf0  0x00007f709e8ee8ce  Yes (*)     /usr/lib/wsl/drivers/iigd_dch.inf_amd64_269da44064f4461c/libigdgmm.so.12
0x00005f709bdf5830  0x00005f709cc75f36  Yes (*)     /usr/lib/wsl/drivers/iigd_dch.inf_amd64_269da44064f4461c/libigc.so
0x00005f70998dec70  0x00005f709b3c7d0f  Yes (*)     /usr/lib/wsl/drivers/iigd_dch.inf_amd64_269da44064f4461c/libLLVM-9.so
(*): Shared library is missing debugging information.

* Threads
  Id   Target Id                                    Frame 
* 1    Thread 0x7f70b27d7740 (LWP 81280) "vizdoom"  0x00007f70b0c9542f in __GI___wait4 (pid=81298, stat_loc=0x9253b4, options=0, usage=0x0) at ../sysdeps/unix/sysv/linux/wait4.c:30
  2    Thread 0x7f70b0baa640 (LWP 81281) "SDLTimer" __futex_abstimed_wait_common64 (private=<optimized out>, cancel=true, abstime=0x0, op=393, expected=0, futex_word=0x26014e0) at ./nptl/futex-internal.c:57
  3    Thread 0x7f70abfff640 (LWP 81286) "vizdoom"  __futex_abstimed_wait_common64 (private=0, cancel=true, abstime=0x0, op=393, expected=0, futex_word=0x2c43d08) at ./nptl/futex-internal.c:57
  4    Thread 0x5f70993ff640 (LWP 81287) "vizdoom"  __futex_abstimed_wait_common64 (private=0, cancel=true, abstime=0x0, op=393, expected=0, futex_word=0x2c43d08) at ./nptl/futex-internal.c:57
  5    Thread 0x5f7098bfe640 (LWP 81288) "vizdoom"  __futex_abstimed_wait_common64 (private=0, cancel=true, abstime=0x0, op=393, expected=0, futex_word=0x2c43d08) at ./nptl/futex-internal.c:57
  6    Thread 0x5f70983fd640 (LWP 81289) "vizdoom"  __futex_abstimed_wait_common64 (private=0, cancel=true, abstime=0x0, op=393, expected=0, futex_word=0x2c43d08) at ./nptl/futex-internal.c:57

* FPU Status
  R7: Empty   0x00000000000000000000
  R6: Empty   0x00000000000000000000
  R5: Empty   0x00000000000000000000
  R4: Empty   0x00000000000000000000
  R3: Empty   0x00000000000000000000
  R2: Empty   0x00000000000000000000
  R1: Empty   0x00000000000000000000
=>R0: Empty   0x00000000000000000000

Status Word:         0x0000                                            
                       TOP: 0
Control Word:        0x037f   IM DM ZM OM UM PM
                       PC: Extended Precision (64-bits)
                       RC: Round to nearest
Tag Word:            0xffff
Instruction Pointer: 0x00:0x00000000
Operand Pointer:     0x00:0x00000000
Opcode:              0x0000

* Registers
rax            0xfffffffffffffe00  -512
rbx            0x13d92             81298
rcx            0x7f70b0c9542f      140121979049007
rdx            0x0                 0
rsi            0x9253b4            9589684
rdi            0x13d92             81298
rbp            0xb                 0xb
rsp            0x925380            0x925380
r8             0x0                 0
r9             0x0                 0
r10            0x0                 0
r11            0x293               659
r12            0x9253b4            9589684
r13            0x9228a0            9578656
r14            0xb                 11
r15            0x1090              4240
rip            0x7f70b0c9542f      0x7f70b0c9542f <__GI___wait4+95>
eflags         0x293               [ CF AF SF IF ]
cs             0x33                51
ss             0x2b                43
ds             0x0                 0
es             0x0                 0
fs             0x0                 0
gs             0x0                 0

* Backtrace

Thread 6 (Thread 0x5f70983fd640 (LWP 81289) "vizdoom"):
#0  __futex_abstimed_wait_common64 (private=0, cancel=true, abstime=0x0, op=393, expected=0, futex_word=0x2c43d08) at ./nptl/futex-internal.c:57
        sc_cancel_oldtype = 0
        sc_ret = <optimized out>
        resultvar = <optimized out>
        __arg6 = <optimized out>
        __arg5 = <optimized out>
        __arg4 = <optimized out>
        __arg3 = <optimized out>
        __arg2 = <optimized out>
        __arg1 = <optimized out>
        _a6 = <optimized out>
        _a5 = <optimized out>
        _a4 = <optimized out>
        _a3 = <optimized out>
        _a2 = <optimized out>
        _a1 = <optimized out>
#1  __futex_abstimed_wait_common (cancel=true, private=0, abstime=0x0, clockid=0, expected=0, futex_word=0x2c43d08) at ./nptl/futex-internal.c:87
        err = <optimized out>
        clockbit = 256
        op = 393
        err = <optimized out>
        clockbit = <optimized out>
        op = <optimized out>
#2  __GI___futex_abstimed_wait_cancelable64 (futex_word=futex_word@entry=0x2c43d08, expected=expected@entry=0, clockid=clockid@entry=0, abstime=abstime@entry=0x0, private=private@entry=0) at ./nptl/futex-internal.c:139
No locals.
#3  0x00007f70b0c3ea41 in __pthread_cond_wait_common (abstime=0x0, clockid=0, mutex=0x2bb2840, cond=0x2c43ce0) at ./nptl/pthread_cond_wait.c:503
        spin = 0
        buffer = {__routine = 0x7f70b0c3e720 <__condvar_cleanup_waiting>, __arg = 0x5f70983fcd60, __canceltype = 0, __prev = 0x0}
        cbuffer = {wseq = 20, cond = 0x2c43ce0, mutex = 0x2bb2840, private = 0}
        err = <optimized out>
        g = 0
        flags = <optimized out>
        g1_start = <optimized out>
        maxspin = 0
        signals = <optimized out>
        result = 0
        wseq = 20
        seq = 10
        private = 0
        maxspin = <optimized out>
        err = <optimized out>
        result = <optimized out>
        wseq = <optimized out>
        g = <optimized out>
        seq = <optimized out>
        flags = <optimized out>
        private = <optimized out>
        signals = <optimized out>
        done = <optimized out>
        g1_start = <optimized out>
        spin = <optimized out>
        buffer = <optimized out>
        cbuffer = <optimized out>
        s = <optimized out>
#4  ___pthread_cond_wait (cond=0x2c43ce0, mutex=0x2bb2840) at ./nptl/pthread_cond_wait.c:627
No locals.
#5  0x00007f709fb2b74f in ?? ()
No symbol table info available.
#6  0x0000000000000000 in ?? ()
No symbol table info available.

Thread 5 (Thread 0x5f7098bfe640 (LWP 81288) "vizdoom"):
#0  __futex_abstimed_wait_common64 (private=0, cancel=true, abstime=0x0, op=393, expected=0, futex_word=0x2c43d08) at ./nptl/futex-internal.c:57
        sc_cancel_oldtype = 0
        sc_ret = <optimized out>
        resultvar = <optimized out>
        __arg6 = <optimized out>
        __arg5 = <optimized out>
        __arg4 = <optimized out>
        __arg3 = <optimized out>
        __arg2 = <optimized out>
        __arg1 = <optimized out>
        _a6 = <optimized out>
        _a5 = <optimized out>
        _a4 = <optimized out>
        _a3 = <optimized out>
        _a2 = <optimized out>
        _a1 = <optimized out>
#1  __futex_abstimed_wait_common (cancel=true, private=0, abstime=0x0, clockid=0, expected=0, futex_word=0x2c43d08) at ./nptl/futex-internal.c:87
        err = <optimized out>
        clockbit = 256
        op = 393
        err = <optimized out>
        clockbit = <optimized out>
        op = <optimized out>
#2  __GI___futex_abstimed_wait_cancelable64 (futex_word=futex_word@entry=0x2c43d08, expected=expected@entry=0, clockid=clockid@entry=0, abstime=abstime@entry=0x0, private=private@entry=0) at ./nptl/futex-internal.c:139
No locals.
#3  0x00007f70b0c3ea41 in __pthread_cond_wait_common (abstime=0x0, clockid=0, mutex=0x2bb2840, cond=0x2c43ce0) at ./nptl/pthread_cond_wait.c:503
        spin = 0
        buffer = {__routine = 0x7f70b0c3e720 <__condvar_cleanup_waiting>, __arg = 0x5f7098bfdd60, __canceltype = 0, __prev = 0x0}
        cbuffer = {wseq = 16, cond = 0x2c43ce0, mutex = 0x2bb2840, private = 0}
        err = <optimized out>
        g = 0
        flags = <optimized out>
        g1_start = <optimized out>
        maxspin = 0
        signals = <optimized out>
        result = 0
        wseq = 16
        seq = 8
        private = 0
        maxspin = <optimized out>
        err = <optimized out>
        result = <optimized out>
        wseq = <optimized out>
        g = <optimized out>
        seq = <optimized out>
        flags = <optimized out>
        private = <optimized out>
        signals = <optimized out>
        done = <optimized out>
        g1_start = <optimized out>
        spin = <optimized out>
        buffer = <optimized out>
        cbuffer = <optimized out>
        s = <optimized out>
#4  ___pthread_cond_wait (cond=0x2c43ce0, mutex=0x2bb2840) at ./nptl/pthread_cond_wait.c:627
No locals.
#5  0x00007f709fb2b74f in ?? ()
No symbol table info available.
#6  0x0000000000000000 in ?? ()
No symbol table info available.

Thread 4 (Thread 0x5f70993ff640 (LWP 81287) "vizdoom"):
#0  __futex_abstimed_wait_common64 (private=0, cancel=true, abstime=0x0, op=393, expected=0, futex_word=0x2c43d08) at ./nptl/futex-internal.c:57
        sc_cancel_oldtype = 0
        sc_ret = <optimized out>
        resultvar = <optimized out>
        __arg6 = <optimized out>
        __arg5 = <optimized out>
        __arg4 = <optimized out>
        __arg3 = <optimized out>
        __arg2 = <optimized out>
        __arg1 = <optimized out>
        _a6 = <optimized out>
        _a5 = <optimized out>
        _a4 = <optimized out>
        _a3 = <optimized out>
        _a2 = <optimized out>
        _a1 = <optimized out>
#1  __futex_abstimed_wait_common (cancel=true, private=0, abstime=0x0, clockid=0, expected=0, futex_word=0x2c43d08) at ./nptl/futex-internal.c:87
        err = <optimized out>
        clockbit = 256
        op = 393
        err = <optimized out>
        clockbit = <optimized out>
        op = <optimized out>
#2  __GI___futex_abstimed_wait_cancelable64 (futex_word=futex_word@entry=0x2c43d08, expected=expected@entry=0, clockid=clockid@entry=0, abstime=abstime@entry=0x0, private=private@entry=0) at ./nptl/futex-internal.c:139
No locals.
#3  0x00007f70b0c3ea41 in __pthread_cond_wait_common (abstime=0x0, clockid=0, mutex=0x2bb2840, cond=0x2c43ce0) at ./nptl/pthread_cond_wait.c:503
        spin = 0
        buffer = {__routine = 0x7f70b0c3e720 <__condvar_cleanup_waiting>, __arg = 0x5f70993fed60, __canceltype = 0, __prev = 0x0}
        cbuffer = {wseq = 18, cond = 0x2c43ce0, mutex = 0x2bb2840, private = 0}
        err = <optimized out>
        g = 0
        flags = <optimized out>
        g1_start = <optimized out>
        maxspin = 0
        signals = <optimized out>
        result = 0
        wseq = 18
        seq = 9
        private = 0
        maxspin = <optimized out>
        err = <optimized out>
        result = <optimized out>
        wseq = <optimized out>
        g = <optimized out>
        seq = <optimized out>
        flags = <optimized out>
        private = <optimized out>
        signals = <optimized out>
        done = <optimized out>
        g1_start = <optimized out>
        spin = <optimized out>
        buffer = <optimized out>
        cbuffer = <optimized out>
        s = <optimized out>
#4  ___pthread_cond_wait (cond=0x2c43ce0, mutex=0x2bb2840) at ./nptl/pthread_cond_wait.c:627
No locals.
#5  0x00007f709fb2b74f in ?? ()
No symbol table info available.
#6  0x0000000000000000 in ?? ()
No symbol table info available.

Thread 3 (Thread 0x7f70abfff640 (LWP 81286) "vizdoom"):
#0  __futex_abstimed_wait_common64 (private=0, cancel=true, abstime=0x0, op=393, expected=0, futex_word=0x2c43d08) at ./nptl/futex-internal.c:57
        sc_cancel_oldtype = 0
        sc_ret = <optimized out>
        resultvar = <optimized out>
        __arg6 = <optimized out>
        __arg5 = <optimized out>
        __arg4 = <optimized out>
        __arg3 = <optimized out>
        __arg2 = <optimized out>
        __arg1 = <optimized out>
        _a6 = <optimized out>
        _a5 = <optimized out>
        _a4 = <optimized out>
        _a3 = <optimized out>
        _a2 = <optimized out>
        _a1 = <optimized out>
#1  __futex_abstimed_wait_common (cancel=true, private=0, abstime=0x0, clockid=0, expected=0, futex_word=0x2c43d08) at ./nptl/futex-internal.c:87
        err = <optimized out>
        clockbit = 256
        op = 393
        err = <optimized out>
        clockbit = <optimized out>
        op = <optimized out>
#2  __GI___futex_abstimed_wait_cancelable64 (futex_word=futex_word@entry=0x2c43d08, expected=expected@entry=0, clockid=clockid@entry=0, abstime=abstime@entry=0x0, private=private@entry=0) at ./nptl/futex-internal.c:139
No locals.
#3  0x00007f70b0c3ea41 in __pthread_cond_wait_common (abstime=0x0, clockid=0, mutex=0x2bb2840, cond=0x2c43ce0) at ./nptl/pthread_cond_wait.c:503
        spin = 0
        buffer = {__routine = 0x7f70b0c3e720 <__condvar_cleanup_waiting>, __arg = 0x7f70abffed60, __canceltype = 0, __prev = 0x0}
        cbuffer = {wseq = 22, cond = 0x2c43ce0, mutex = 0x2bb2840, private = 0}
        err = <optimized out>
        g = 0
        flags = <optimized out>
        g1_start = <optimized out>
        maxspin = 0
        signals = <optimized out>
        result = 0
        wseq = 22
        seq = 11
        private = 0
        maxspin = <optimized out>
        err = <optimized out>
        result = <optimized out>
        wseq = <optimized out>
        g = <optimized out>
        seq = <optimized out>
        flags = <optimized out>
        private = <optimized out>
        signals = <optimized out>
        done = <optimized out>
        g1_start = <optimized out>
        spin = <optimized out>
        buffer = <optimized out>
        cbuffer = <optimized out>
        s = <optimized out>
#4  ___pthread_cond_wait (cond=0x2c43ce0, mutex=0x2bb2840) at ./nptl/pthread_cond_wait.c:627
No locals.
#5  0x00007f709fb2b74f in ?? ()
No symbol table info available.
#6  0x0000000000000000 in ?? ()
No symbol table info available.

Thread 2 (Thread 0x7f70b0baa640 (LWP 81281) "SDLTimer"):
#0  __futex_abstimed_wait_common64 (private=<optimized out>, cancel=true, abstime=0x0, op=393, expected=0, futex_word=0x26014e0) at ./nptl/futex-internal.c:57
        sc_cancel_oldtype = 1
        sc_ret = <optimized out>
        resultvar = <optimized out>
        __arg6 = <optimized out>
        __arg5 = <optimized out>
        __arg4 = <optimized out>
        __arg3 = <optimized out>
        __arg2 = <optimized out>
        __arg1 = <optimized out>
        _a6 = <optimized out>
        _a5 = <optimized out>
        _a4 = <optimized out>
        _a3 = <optimized out>
        _a2 = <optimized out>
        _a1 = <optimized out>
#1  __futex_abstimed_wait_common (cancel=true, private=<optimized out>, abstime=0x0, clockid=0, expected=0, futex_word=0x26014e0) at ./nptl/futex-internal.c:87
        err = <optimized out>
        clockbit = 256
        op = 393
        err = <optimized out>
        clockbit = <optimized out>
        op = <optimized out>
#2  __GI___futex_abstimed_wait_cancelable64 (futex_word=futex_word@entry=0x26014e0, expected=expected@entry=0, clockid=clockid@entry=0, abstime=abstime@entry=0x0, private=<optimized out>) at ./nptl/futex-internal.c:139
No locals.
#3  0x00007f70b0c47bdf in do_futex_wait (sem=sem@entry=0x26014e0, abstime=0x0, clockid=0) at ./nptl/sem_waitcommon.c:111
        err = <optimized out>
#4  0x00007f70b0c47c78 in __new_sem_wait_slow64 (sem=0x26014e0, abstime=0x0, clockid=0) at ./nptl/sem_waitcommon.c:183
        _buffer = {__routine = 0x7f70b0c47bb0 <__sem_wait_cleanup>, __arg = 0x26014e0, __canceltype = 0, __prev = 0x0}
        err = <optimized out>
        d = 0
#5  0x00007f70b24e9f22 in SDL_SemWait_REAL () from /home/rabadaba/anaconda3/lib/python3.11/site-packages/vizdoom/../vizdoom.libs/libSDL2-2-d214786e.0.so.0.10.0
No symbol table info available.
#6  0x00007f70b24ea065 in SDL_SemWaitTimeout_REAL () from /home/rabadaba/anaconda3/lib/python3.11/site-packages/vizdoom/../vizdoom.libs/libSDL2-2-d214786e.0.so.0.10.0
No symbol table info available.
#7  0x00007f70b246ee4a in SDL_TimerThread () from /home/rabadaba/anaconda3/lib/python3.11/site-packages/vizdoom/../vizdoom.libs/libSDL2-2-d214786e.0.so.0.10.0
No symbol table info available.
#8  0x00007f70b246e8c0 in SDL_RunThread () from /home/rabadaba/anaconda3/lib/python3.11/site-packages/vizdoom/../vizdoom.libs/libSDL2-2-d214786e.0.so.0.10.0
No symbol table info available.
#9  0x00007f70b24e9bed in RunThread () from /home/rabadaba/anaconda3/lib/python3.11/site-packages/vizdoom/../vizdoom.libs/libSDL2-2-d214786e.0.so.0.10.0
No symbol table info available.
#10 0x00007f70b0c3fac3 in start_thread (arg=<optimized out>) at ./nptl/pthread_create.c:442
        ret = <optimized out>
        pd = <optimized out>
        out = <optimized out>
        unwind_buf = {cancel_jmp_buf = {{jmp_buf = {140721466901792, 4359252932027494010, 140121978086976, 2, 140121978697680, 140721466902144, -4423014190020284806, -4423013164819009926}, mask_was_saved = 0}}, priv = {pad = {0x0, 0x0, 0x0, 0x0}, data = {prev = 0x0, cleanup = 0x0, canceltype = 0}}}
        not_first_call = <optimized out>
#11 0x00007f70b0cd1850 in clone3 () at ../sysdeps/unix/sysv/linux/x86_64/clone3.S:81
No locals.

Thread 1 (Thread 0x7f70b27d7740 (LWP 81280) "vizdoom"):
#0  0x00007f70b0c9542f in __GI___wait4 (pid=81298, stat_loc=0x9253b4, options=0, usage=0x0) at ../sysdeps/unix/sysv/linux/wait4.c:30
        sc_ret = -512
        sc_cancel_oldtype = 0
        sc_ret = <optimized out>
#1  0x000000000043197c in ?? ()
No symbol table info available.
#2  <signal handler called>
No locals.
#3  0x00007f70a9d723ae in ?? () from /usr/lib/x86_64-linux-gnu/dri/swrast_dri.so
No symbol table info available.
#4  0x00007f70a9d2edc4 in ?? () from /usr/lib/x86_64-linux-gnu/dri/swrast_dri.so
No symbol table info available.
#5  0x00007f70a97e1169 in ?? () from /usr/lib/x86_64-linux-gnu/dri/swrast_dri.so
No symbol table info available.
#6  0x00007f70a92de217 in ?? () from /usr/lib/x86_64-linux-gnu/dri/swrast_dri.so
No symbol table info available.
#7  0x00007f70a94137c2 in ?? () from /usr/lib/x86_64-linux-gnu/dri/swrast_dri.so
No symbol table info available.
#8  0x00007f70a92f521b in ?? () from /usr/lib/x86_64-linux-gnu/dri/swrast_dri.so
No symbol table info available.
#9  0x00007f70a9230fd0 in ?? () from /usr/lib/x86_64-linux-gnu/dri/swrast_dri.so
No symbol table info available.
#10 0x00007f70a9234a32 in ?? () from /usr/lib/x86_64-linux-gnu/dri/swrast_dri.so
No symbol table info available.
#11 0x00007f70ab2f9993 in ?? () from /lib/x86_64-linux-gnu/libGLX_mesa.so.0
No symbol table info available.
#12 0x00007f70ab54f641 in ?? () from /lib/x86_64-linux-gnu/libGLX.so.0
No symbol table info available.
#13 0x00007f70ab554126 in ?? () from /lib/x86_64-linux-gnu/libGLX.so.0
No symbol table info available.
#14 0x00007f70b24d830e in X11_GL_MakeCurrent () from /home/rabadaba/anaconda3/lib/python3.11/site-packages/vizdoom/../vizdoom.libs/libSDL2-2-d214786e.0.so.0.10.0
No symbol table info available.
#15 0x00007f70b24aa453 in SDL_GL_MakeCurrent_REAL () from /home/rabadaba/anaconda3/lib/python3.11/site-packages/vizdoom/../vizdoom.libs/libSDL2-2-d214786e.0.so.0.10.0
No symbol table info available.
#16 0x00007f70b24aa551 in SDL_GL_DeleteContext_REAL.part.14 () from /home/rabadaba/anaconda3/lib/python3.11/site-packages/vizdoom/../vizdoom.libs/libSDL2-2-d214786e.0.so.0.10.0
No symbol table info available.
#17 0x00007f70b2450bb4 in GL_DestroyRenderer () from /home/rabadaba/anaconda3/lib/python3.11/site-packages/vizdoom/../vizdoom.libs/libSDL2-2-d214786e.0.so.0.10.0
No symbol table info available.
#18 0x0000000000436a7e in ?? ()
No symbol table info available.
#19 0x0000000000436ab9 in ?? ()
No symbol table info available.
#20 0x0000000000432194 in ?? ()
No symbol table info available.
#21 0x0000000000435746 in ?? ()
No symbol table info available.
#22 0x00007f70b0bf0495 in __run_exit_handlers (status=0, listp=0x7f70b0dc5838 <__exit_funcs>, run_list_atexit=run_list_atexit@entry=true, run_dtors=run_dtors@entry=true) at ./stdlib/exit.c:113
        atfct = <optimized out>
        onfct = <optimized out>
        cxafct = <optimized out>
        arg = 0x0
        f = <optimized out>
        new_exitfn_called = <optimized out>
        cur = 0x25237c0
#23 0x00007f70b0bf0610 in __GI_exit (status=<optimized out>) at ./stdlib/exit.c:143
No locals.
#24 0x0000000000755c3c in ?? ()
No symbol table info available.
#25 0x00000000007553c5 in ?? ()
No symbol table info available.
#26 0x0000000000465d03 in ?? ()
No symbol table info available.
#27 0x0000000000468622 in ?? ()
No symbol table info available.
#28 0x000000000041c5fc in ?? ()
No symbol table info available.
#29 0x00007f70b0bd4d90 in __libc_start_call_main (main=main@entry=0x41c3c0, argc=argc@entry=38, argv=argv@entry=0x7ffc450c1c38) at ../sysdeps/nptl/libc_start_call_main.h:58
        self = <optimized out>
        result = <optimized out>
        unwind_buf = {cancel_jmp_buf = {{jmp_buf = {0, 4359252932031950458, 140721466907704, 4309952, 0, 140122009243712, -4357330039844098438, -4423014184219038086}, mask_was_saved = 0}}, priv = {pad = {0x0, 0x0, 0x7ffc450c1c38, 0x0}, data = {prev = 0x0, cleanup = 0x0, canceltype = 1158421560}}}
        not_first_call = <optimized out>
#30 0x00007f70b0bd4e40 in __libc_start_main_impl (main=0x41c3c0, argc=38, argv=0x7ffc450c1c38, init=<optimized out>, fini=<optimized out>, rtld_fini=<optimized out>, stack_end=0x7ffc450c1c28) at ../csu/libc-start.c:392
No locals.
#31 0x0000000000430c8e in ?? ()
No symbol table info available.
[Inferior 1 (process 81280) detached]
